Build started 5/31/2016 16:13:00.
     1>Project "C:\Users\Luna\Programming Projects\IGMTutorial\Graphics\Interactivity\Debug_Camera-GLFW\Debug_Camera-GLFW\Debug_Camera-GLFW.vcxproj" on node 2 (Build target(s)).
     1>ClCompile:
         C:\Program Files (x86)\Microsoft Visual Studio 12.0\VC\bin\CL.exe /c /ZI /nologo /W3 /WX- /Od /Oy- /D WIN32 /D _DEBUG /D _CONSOLE /D _LIB /D _UNICODE /D UNICODE /Gm /EHsc /RTC1 /MDd /GS /fp:precise /Zc:wchar_t /Zc:forScope /Fo"Debug\\" /Fd"Debug\vc120.pdb" /Gd /TP /analyze- /errorReport:prompt Camera.cpp main.cpp
         main.cpp
         Camera.cpp
     1>c:\users\luna\programming projects\igmtutorial\graphics\interactivity\debug_camera-glfw\debug_camera-glfw\camera.cpp(78): warning C4800: 'int' : forcing value to bool 'true' or 'false' (performance warning)
     1>c:\users\luna\programming projects\igmtutorial\graphics\interactivity\debug_camera-glfw\debug_camera-glfw\camera.cpp(79): warning C4800: 'int' : forcing value to bool 'true' or 'false' (performance warning)
     1>c:\users\luna\programming projects\igmtutorial\graphics\interactivity\debug_camera-glfw\debug_camera-glfw\camera.cpp(80): warning C4800: 'int' : forcing value to bool 'true' or 'false' (performance warning)
     1>c:\users\luna\programming projects\igmtutorial\graphics\interactivity\debug_camera-glfw\debug_camera-glfw\camera.cpp(81): warning C4800: 'int' : forcing value to bool 'true' or 'false' (performance warning)
     1>c:\users\luna\programming projects\igmtutorial\graphics\interactivity\debug_camera-glfw\debug_camera-glfw\camera.cpp(82): warning C4800: 'int' : forcing value to bool 'true' or 'false' (performance warning)
     1>c:\users\luna\programming projects\igmtutorial\graphics\interactivity\debug_camera-glfw\debug_camera-glfw\camera.cpp(83): warning C4800: 'int' : forcing value to bool 'true' or 'false' (performance warning)
     1>c:\users\luna\programming projects\igmtutorial\graphics\interactivity\debug_camera-glfw\debug_camera-glfw\camera.cpp(84): warning C4800: 'int' : forcing value to bool 'true' or 'false' (performance warning)
     1>c:\users\luna\programming projects\igmtutorial\graphics\interactivity\debug_camera-glfw\debug_camera-glfw\camera.cpp(85): warning C4800: 'int' : forcing value to bool 'true' or 'false' (performance warning)
     1>c:\users\luna\programming projects\igmtutorial\graphics\interactivity\debug_camera-glfw\debug_camera-glfw\camera.cpp(86): warning C4800: 'int' : forcing value to bool 'true' or 'false' (performance warning)
     1>c:\users\luna\programming projects\igmtutorial\graphics\interactivity\debug_camera-glfw\debug_camera-glfw\camera.cpp(87): warning C4800: 'int' : forcing value to bool 'true' or 'false' (performance warning)
         Generating Code...
       Link:
         C:\Program Files (x86)\Microsoft Visual Studio 12.0\VC\bin\link.exe /ERRORREPORT:PROMPT /OUT:"C:\Users\Luna\Programming Projects\IGMTutorial\Graphics\Interactivity\Debug_Camera-GLFW\Debug\Debug_Camera-GLFW.exe" /INCREMENTAL /NOLOGO opengl32.lib glfw3.lib glew32.lib kernel32.lib user32.lib gdi32.lib winspool.lib comdlg32.lib advapi32.lib shell32.lib ole32.lib oleaut32.lib uuid.lib odbc32.lib odbccp32.lib /MANIFEST /MANIFESTUAC:"level='asInvoker' uiAccess='false'" /manifest:embed /DEBUG /PDB:"C:\Users\Luna\Programming Projects\IGMTutorial\Graphics\Interactivity\Debug_Camera-GLFW\Debug\Debug_Camera-GLFW.pdb" /SUBSYSTEM:CONSOLE /TLBID:1 /DYNAMICBASE /NXCOMPAT /IMPLIB:"C:\Users\Luna\Programming Projects\IGMTutorial\Graphics\Interactivity\Debug_Camera-GLFW\Debug\Debug_Camera-GLFW.lib" /MACHINE:X86 Debug\Camera.obj
         Debug\main.obj
     1>LINK : warning LNK4098: defaultlib 'MSVCRT' conflicts with use of other libs; use /NODEFAULTLIB:library
         Debug_Camera-GLFW.vcxproj -> C:\Users\Luna\Programming Projects\IGMTutorial\Graphics\Interactivity\Debug_Camera-GLFW\Debug\Debug_Camera-GLFW.exe
     1>Done Building Project "C:\Users\Luna\Programming Projects\IGMTutorial\Graphics\Interactivity\Debug_Camera-GLFW\Debug_Camera-GLFW\Debug_Camera-GLFW.vcxproj" (Build target(s)).

Build succeeded.

Time Elapsed 00:00:01.55
